[debug] [2019-12-14T21:12:20.673Z] ----------------------------------------------------------------------
[debug] [2019-12-14T21:12:20.676Z] Command:       /Users/juliaramos/.nvm/versions/node/v12.4.0/bin/node /Users/juliaramos/.nvm/versions/node/v12.4.0/bin/firebase deploy
[debug] [2019-12-14T21:12:20.676Z] CLI Version:   7.10.0
[debug] [2019-12-14T21:12:20.676Z] Platform:      darwin
[debug] [2019-12-14T21:12:20.676Z] Node Version:  v12.4.0
[debug] [2019-12-14T21:12:20.683Z] Time:          Sat Dec 14 2019 19:12:20 GMT-0200 (GMT-02:00)
[debug] [2019-12-14T21:12:20.683Z] ----------------------------------------------------------------------
[debug] [2019-12-14T21:12:20.683Z] 
[debug] [2019-12-14T21:12:20.699Z] > command requires scopes: ["email","openid","https://www.googleapis.com/auth/cloudplatformprojects.readonly","https://www.googleapis.com/auth/firebase","https://www.googleapis.com/auth/cloud-platform"]
[debug] [2019-12-14T21:12:20.700Z] > authorizing via signed-in user
[debug] [2019-12-14T21:12:20.700Z] [iam] checking project voluntei for permissions ["firebase.projects.get","firebasehosting.sites.update"]
[debug] [2019-12-14T21:12:20.702Z] > refreshing access token with scopes: ["email","https://www.googleapis.com/auth/cloud-platform","https://www.googleapis.com/auth/cloudplatformprojects.readonly","https://www.googleapis.com/auth/firebase","openid"]
[debug] [2019-12-14T21:12:20.702Z] >>> HTTP REQUEST POST https://www.googleapis.com/oauth2/v3/token  
 <request body omitted>
[debug] [2019-12-14T21:13:39.670Z] <<< HTTP RESPONSE 200
[debug] [2019-12-14T21:13:39.681Z] >>> HTTP REQUEST POST https://cloudresourcemanager.googleapis.com/v1/projects/voluntei:testIamPermissions  

[debug] [2019-12-14T21:15:04.915Z] <<< HTTP RESPONSE 200
[debug] [2019-12-14T21:15:04.917Z] >>> HTTP REQUEST GET https://firebase.googleapis.com/v1beta1/projects/voluntei  
 
[debug] [2019-12-14T21:16:05.054Z] Server Error. ESOCKETTIMEDOUT
[debug] [2019-12-14T21:16:05.079Z] FirebaseError: Server Error. ESOCKETTIMEDOUT
    at Request._callback (/Users/juliaramos/.nvm/versions/node/v12.4.0/lib/node_modules/firebase-tools/lib/api.js:30:31)
    at self.callback (/Users/juliaramos/.nvm/versions/node/v12.4.0/lib/node_modules/firebase-tools/node_modules/request/request.js:185:22)
    at Request.emit (events.js:200:13)
    at Request.EventEmitter.emit (domain.js:471:20)
    at ClientRequest.<anonymous> (/Users/juliaramos/.nvm/versions/node/v12.4.0/lib/node_modules/firebase-tools/node_modules/request/request.js:819:16)
    at Object.onceWrapper (events.js:288:20)
    at ClientRequest.emit (events.js:200:13)
    at ClientRequest.EventEmitter.emit (domain.js:471:20)
    at TLSSocket.emitRequestTimeout (_http_client.js:675:40)
    at Object.onceWrapper (events.js:288:20)
    at TLSSocket.emit (events.js:200:13)
    at TLSSocket.EventEmitter.emit (domain.js:471:20)
    at TLSSocket.Socket._onTimeout (net.js:432:8)
    at listOnTimeout (internal/timers.js:531:17)
    at processTimers (internal/timers.js:475:7)
[error] 
[error] Error: Failed to get Firebase project voluntei. Please make sure the project exists and your account has permission to access it.
